<?xml version="1.0" encoding="UTF-8"?>
<testng-results skipped="0" failed="0" ignored="0" total="1" passed="1">
  <reporter-output>
  </reporter-output>
  <suite name="Default suite" duration-ms="38791" started-at="2021-07-30T07:30:52 BDT" finished-at="2021-07-30T07:31:31 BDT">
    <groups>
    </groups>
    <test name="Default test" duration-ms="38791" started-at="2021-07-30T07:30:52 BDT" finished-at="2021-07-30T07:31:31 BDT">
      <class name="testcases.FirstTest">
        <test-method status="PASS" signature="testOneDemo()[pri:0, instance:testcases.FirstTest@51cdd8a]" name="testOneDemo" duration-ms="38742" started-at="2021-07-30T07:30:52 BDT" finished-at="2021-07-30T07:31:31 BDT">
          <reporter-output>
          </reporter-output>
        </test-method> <!-- testOneDemo -->
      </class> <!-- testcases.FirstTest -->
    </test> <!-- Default test -->
  </suite> <!-- Default suite -->
</testng-results>
